<html>
<head>
<title>TestNG:  Default test</title>
<link href="../testng.css" rel="stylesheet" type="text/css" />
<link href="../my-testng.css" rel="stylesheet" type="text/css" />

<style type="text/css">
.log { display: none;} 
.stack-trace { display: none;} 
</style>
<script type="text/javascript">
<!--
function flip(e) {
  current = e.style.display;
  if (current == 'block') {
    e.style.display = 'none';
    return 0;
  }
  else {
    e.style.display = 'block';
    return 1;
  }
}

function toggleBox(szDivId, elem, msg1, msg2)
{
  var res = -1;  if (document.getElementById) {
    res = flip(document.getElementById(szDivId));
  }
  else if (document.all) {
    // this is the way old msie versions work
    res = flip(document.all[szDivId]);
  }
  if(elem) {
    if(res == 0) elem.innerHTML = msg1; else elem.innerHTML = msg2;
  }

}

function toggleAllBoxes() {
  if (document.getElementsByTagName) {
    d = document.getElementsByTagName('div');
    for (i = 0; i < d.length; i++) {
      if (d[i].className == 'log') {
        flip(d[i]);
      }
    }
  }
}

// -->
</script>

</head>
<body>
<h2 align='center'>Default test</h2><table border='1' align="center">
<tr>
<td>Tests passed/Failed/Skipped:</td><td>1/5/0</td>
</tr><tr>
<td>Started on:</td><td>Sat Sep 10 18:51:44 WIB 2022</td>
</tr>
<tr><td>Total time:</td><td>24 seconds (24417 ms)</td>
</tr><tr>
<td>Included groups:</td><td></td>
</tr><tr>
<td>Excluded groups:</td><td></td>
</tr>
</table><p/>
<small><i>(Hover the method name to see the test class name)</i></small><p/>
<table width='100%' border='1' class='invocation-failed'>
<tr><td colspan='4' align='center'><b>FAILED TESTS</b></td></tr>
<tr><td><b>Test method</b></td>
<td width="30%"><b>Exception</b></td>
<td width="10%"><b>Time (seconds)</b></td>
<td><b>Instance</b></td>
</tr>
<tr>
<td title='com.juaracoding.telemarketing.step_definitions.TestRunner.runScenario()'><b>runScenario</b><br>Test class: com.juaracoding.telemarketing.step_definitions.TestRunner<br>Test method: Runs Cucumber Scenarios<br>Parameters: "Logout user", "Login Developer"</td>
<td><div><pre>java.lang.ArrayIndexOutOfBoundsException: Index 3 out of bounds for length 3
	at com.juaracoding.telemarketing.step_definitions.Hooks.setUp(Hooks.java:33)
</pre></div><a href='#' onClick='toggleBox("stack-trace1293465402", this, "Click to show all stack frames", "Click to hide stack frames")'>Click to show all stack frames</a>
<div class='stack-trace' id='stack-trace1293465402'><pre>java.lang.ArrayIndexOutOfBoundsException: Index 3 out of bounds for length 3
	at com.juaracoding.telemarketing.step_definitions.Hooks.setUp(Hooks.java:33)
</pre></div></td>
<td>0</td>
<td>com.juaracoding.telemarketing.step_definitions.TestRunner@384ad17b</td></tr>
<tr>
<td title='com.juaracoding.telemarketing.step_definitions.TestRunner.runScenario()'><b>runScenario</b><br>Test class: com.juaracoding.telemarketing.step_definitions.TestRunner<br>Test method: Runs Cucumber Scenarios<br>Parameters: "User valid login ignore lettercase", "Login Developer"</td>
<td><div><pre>java.lang.ArrayIndexOutOfBoundsException: Index 3 out of bounds for length 3
	at com.juaracoding.telemarketing.step_definitions.Hooks.setUp(Hooks.java:33)
</pre></div><a href='#' onClick='toggleBox("stack-trace1637000661", this, "Click to show all stack frames", "Click to hide stack frames")'>Click to show all stack frames</a>
<div class='stack-trace' id='stack-trace1637000661'><pre>java.lang.ArrayIndexOutOfBoundsException: Index 3 out of bounds for length 3
	at com.juaracoding.telemarketing.step_definitions.Hooks.setUp(Hooks.java:33)
</pre></div></td>
<td>0</td>
<td>com.juaracoding.telemarketing.step_definitions.TestRunner@384ad17b</td></tr>
<tr>
<td title='com.juaracoding.telemarketing.step_definitions.TestRunner.runScenario()'><b>runScenario</b><br>Test class: com.juaracoding.telemarketing.step_definitions.TestRunner<br>Test method: Runs Cucumber Scenarios<br>Parameters: "User valid login", "Login Developer"</td>
<td><div><pre>org.openqa.selenium.ElementClickInterceptedException: element click intercepted: Element &lt;button class=&quot;ui-button ui-widget ui-state-default ui-corner-all ui-button-text-only&quot; style=&quot;margin-top:2px;margin-bottom:2px;margin-top:29px;float:right;&quot; onclick=&quot;sendaction(&apos;tl_login-1&apos;,&apos;tl_login-1-51552&apos;,&apos;click&apos;)&quot; id=&quot;51552_query&quot; role=&quot;button&quot;&gt;...&lt;/button&gt; is not clickable at point (906, 422). Other element would receive the click: &lt;div class=&quot;ui-dialog-buttonpane ui-widget-content ui-helper-clearfix&quot;&gt;...&lt;/div&gt;
  (Session info: chrome=105.0.5195.102)
Build info: version: &apos;3.141.59&apos;, revision: &apos;e82be7d358&apos;, time: &apos;2018-11-14T08:17:03&apos;
System info: host: &apos;DESKTOP-IER1J9F&apos;, ip: &apos;192.168.100.8&apos;, os.name: &apos;Windows 11&apos;, os.arch: &apos;amd64&apos;, os.version: &apos;10.0&apos;, java.version: &apos;17.0.4&apos;
Driver info: org.openqa.selenium.chrome.ChromeDriver
Capabilities {acceptInsecureCerts: false, browserName: chrome, browserVersion: 105.0.5195.102, chrome: {chromedriverVersion: 104.0.5112.79 (3cf3e8c8a07d..., userDataDir: C:\Users\HP0738~1.DES\AppDa...}, goog:chromeOptions: {debuggerAddress: localhost:50387}, javascriptEnabled: true, networkConnectionEnabled: false, pageLoadStrategy: normal, platform: WINDOWS, platformName: WINDOWS, proxy: Proxy(), setWindowRect: true, strictFileInteractability: false, timeouts: {implicit: 0, pageLoad: 300000, script: 30000}, unhandledPromptBehavior: dismiss and notify, webauthn:extension:credBlob: true, webauthn:extension:largeBlob: true, webauthn:virtualAuthenticators: true}
Session ID: e20a4442248dfac14893b71e6c514008
	at java.base/jdk.internal.reflect.NativeConstructorAccessorImpl.newInstance0(Native Method)
	at java.base/jdk.internal.reflect.NativeConstructorAccessorImpl.newInstance(NativeConstructorAccessorImpl.java:77)
	at java.base/jdk.internal.reflect.DelegatingConstructorAccessorImpl.newInstance(DelegatingConstructorAccessorImpl.java:45)
	at java.base/java.lang.reflect.Constructor.newInstanceWithCaller(Constructor.java:499)
	at java.base/java.lang.reflect.Constructor.newInstance(Constructor.java:480)
	at org.openqa.selenium.remote.http.W3CHttpResponseCodec.createException(W3CHttpResponseCodec.java:187)
	at org.openqa.selenium.remote.http.W3CHttpResponseCodec.decode(W3CHttpResponseCodec.java:122)
	at org.openqa.selenium.remote.http.W3CHttpResponseCodec.decode(W3CHttpResponseCodec.java:49)
	at org.openqa.selenium.remote.HttpCommandExecutor.execute(HttpCommandExecutor.java:158)
	at org.openqa.selenium.remote.service.DriverCommandExecutor.execute(DriverCommandExecutor.java:83)
	at org.openqa.selenium.remote.RemoteWebDriver.execute(RemoteWebDriver.java:552)
	at org.openqa.selenium.remote.RemoteWebElement.execute(RemoteWebElement.java:285)
	at org.openqa.selenium.remote.RemoteWebElement.click(RemoteWebElement.java:84)
	at java.base/jdk.internal.reflect.NativeMethodAccessorImpl.invoke0(Native Method)
	at java.base/jdk.internal.reflect.NativeMethodAccessorImpl.invoke(NativeMethodAccessorImpl.java:77)
	at java.base/jdk.internal.reflect.DelegatingMethodAccessorImpl.invoke(DelegatingMethodAccessorImpl.java:43)
	at java.base/java.lang.reflect.Method.invoke(Method.java:568)
	at org.openqa.selenium.support.pagefactory.internal.LocatingElementHandler.invoke(LocatingElementHandler.java:51)
	at jdk.proxy2/jdk.proxy2.$Proxy27.click(Unknown Source)
	at com.juaracoding.telemarketing.pages.LoginDev.clickBtnSignin(LoginDev.java:63)
	at com.juaracoding.telemarketing.step_definitions.TestLogin.user_click_button_sign_in(TestLogin.java:53)
	at ✽.User click button sign in(file:///C:/Users/HP.DESKTOP-IER1J9F/eclipse-workspace/git-telemarketing/src/test/resources/features/Login.feature:20)
</pre></div><a href='#' onClick='toggleBox("stack-trace423095039", this, "Click to show all stack frames", "Click to hide stack frames")'>Click to show all stack frames</a>
<div class='stack-trace' id='stack-trace423095039'><pre>org.openqa.selenium.ElementClickInterceptedException: element click intercepted: Element &lt;button class=&quot;ui-button ui-widget ui-state-default ui-corner-all ui-button-text-only&quot; style=&quot;margin-top:2px;margin-bottom:2px;margin-top:29px;float:right;&quot; onclick=&quot;sendaction(&apos;tl_login-1&apos;,&apos;tl_login-1-51552&apos;,&apos;click&apos;)&quot; id=&quot;51552_query&quot; role=&quot;button&quot;&gt;...&lt;/button&gt; is not clickable at point (906, 422). Other element would receive the click: &lt;div class=&quot;ui-dialog-buttonpane ui-widget-content ui-helper-clearfix&quot;&gt;...&lt;/div&gt;
  (Session info: chrome=105.0.5195.102)
Build info: version: &apos;3.141.59&apos;, revision: &apos;e82be7d358&apos;, time: &apos;2018-11-14T08:17:03&apos;
System info: host: &apos;DESKTOP-IER1J9F&apos;, ip: &apos;192.168.100.8&apos;, os.name: &apos;Windows 11&apos;, os.arch: &apos;amd64&apos;, os.version: &apos;10.0&apos;, java.version: &apos;17.0.4&apos;
Driver info: org.openqa.selenium.chrome.ChromeDriver
Capabilities {acceptInsecureCerts: false, browserName: chrome, browserVersion: 105.0.5195.102, chrome: {chromedriverVersion: 104.0.5112.79 (3cf3e8c8a07d..., userDataDir: C:\Users\HP0738~1.DES\AppDa...}, goog:chromeOptions: {debuggerAddress: localhost:50387}, javascriptEnabled: true, networkConnectionEnabled: false, pageLoadStrategy: normal, platform: WINDOWS, platformName: WINDOWS, proxy: Proxy(), setWindowRect: true, strictFileInteractability: false, timeouts: {implicit: 0, pageLoad: 300000, script: 30000}, unhandledPromptBehavior: dismiss and notify, webauthn:extension:credBlob: true, webauthn:extension:largeBlob: true, webauthn:virtualAuthenticators: true}
Session ID: e20a4442248dfac14893b71e6c514008
	at java.base/jdk.internal.reflect.NativeConstructorAccessorImpl.newInstance0(Native Method)
	at java.base/jdk.internal.reflect.NativeConstructorAccessorImpl.newInstance(NativeConstructorAccessorImpl.java:77)
	at java.base/jdk.internal.reflect.DelegatingConstructorAccessorImpl.newInstance(DelegatingConstructorAccessorImpl.java:45)
	at java.base/java.lang.reflect.Constructor.newInstanceWithCaller(Constructor.java:499)
	at java.base/java.lang.reflect.Constructor.newInstance(Constructor.java:480)
	at org.openqa.selenium.remote.http.W3CHttpResponseCodec.createException(W3CHttpResponseCodec.java:187)
	at org.openqa.selenium.remote.http.W3CHttpResponseCodec.decode(W3CHttpResponseCodec.java:122)
	at org.openqa.selenium.remote.http.W3CHttpResponseCodec.decode(W3CHttpResponseCodec.java:49)
	at org.openqa.selenium.remote.HttpCommandExecutor.execute(HttpCommandExecutor.java:158)
	at org.openqa.selenium.remote.service.DriverCommandExecutor.execute(DriverCommandExecutor.java:83)
	at org.openqa.selenium.remote.RemoteWebDriver.execute(RemoteWebDriver.java:552)
	at org.openqa.selenium.remote.RemoteWebElement.execute(RemoteWebElement.java:285)
	at org.openqa.selenium.remote.RemoteWebElement.click(RemoteWebElement.java:84)
	at java.base/jdk.internal.reflect.NativeMethodAccessorImpl.invoke0(Native Method)
	at java.base/jdk.internal.reflect.NativeMethodAccessorImpl.invoke(NativeMethodAccessorImpl.java:77)
	at java.base/jdk.internal.reflect.DelegatingMethodAccessorImpl.invoke(DelegatingMethodAccessorImpl.java:43)
	at java.base/java.lang.reflect.Method.invoke(Method.java:568)
	at org.openqa.selenium.support.pagefactory.internal.LocatingElementHandler.invoke(LocatingElementHandler.java:51)
	at jdk.proxy2/jdk.proxy2.$Proxy27.click(Unknown Source)
	at com.juaracoding.telemarketing.pages.LoginDev.clickBtnSignin(LoginDev.java:63)
	at com.juaracoding.telemarketing.step_definitions.TestLogin.user_click_button_sign_in(TestLogin.java:53)
	at ✽.User click button sign in(file:///C:/Users/HP.DESKTOP-IER1J9F/eclipse-workspace/git-telemarketing/src/test/resources/features/Login.feature:20)
</pre></div></td>
<td>3</td>
<td>com.juaracoding.telemarketing.step_definitions.TestRunner@384ad17b</td></tr>
<tr>
<td title='com.juaracoding.telemarketing.step_definitions.TestRunner.runScenario()'><b>runScenario</b><br>Test class: com.juaracoding.telemarketing.step_definitions.TestRunner<br>Test method: Runs Cucumber Scenarios<br>Parameters: "Input null login", "Login Developer"</td>
<td><div><pre>java.lang.AssertionError: expected [true] but found [false]
	at org.testng.Assert.fail(Assert.java:99)
	at org.testng.Assert.failNotEquals(Assert.java:1037)
	at org.testng.Assert.assertTrue(Assert.java:45)
	at org.testng.Assert.assertTrue(Assert.java:55)
	at com.juaracoding.telemarketing.step_definitions.TestLogin.user_invalid_credentilas(TestLogin.java:60)
	at ✽.User invalid credentials(file:///C:/Users/HP.DESKTOP-IER1J9F/eclipse-workspace/git-telemarketing/src/test/resources/features/Login.feature:14)
</pre></div><a href='#' onClick='toggleBox("stack-trace1003663195", this, "Click to show all stack frames", "Click to hide stack frames")'>Click to show all stack frames</a>
<div class='stack-trace' id='stack-trace1003663195'><pre>java.lang.AssertionError: expected [true] but found [false]
	at org.testng.Assert.fail(Assert.java:99)
	at org.testng.Assert.failNotEquals(Assert.java:1037)
	at org.testng.Assert.assertTrue(Assert.java:45)
	at org.testng.Assert.assertTrue(Assert.java:55)
	at com.juaracoding.telemarketing.step_definitions.TestLogin.user_invalid_credentilas(TestLogin.java:60)
	at ✽.User invalid credentials(file:///C:/Users/HP.DESKTOP-IER1J9F/eclipse-workspace/git-telemarketing/src/test/resources/features/Login.feature:14)
</pre></div></td>
<td>4</td>
<td>com.juaracoding.telemarketing.step_definitions.TestRunner@384ad17b</td></tr>
<tr>
<td title='com.juaracoding.telemarketing.step_definitions.TestRunner.runScenario()'><b>runScenario</b><br>Test class: com.juaracoding.telemarketing.step_definitions.TestRunner<br>Test method: Runs Cucumber Scenarios<br>Parameters: "User valid login uppercase", "Login Developer"</td>
<td><div><pre>java.lang.ArrayIndexOutOfBoundsException: Index 3 out of bounds for length 3
	at com.juaracoding.telemarketing.step_definitions.Hooks.setUp(Hooks.java:33)
</pre></div><a href='#' onClick='toggleBox("stack-trace1728465884", this, "Click to show all stack frames", "Click to hide stack frames")'>Click to show all stack frames</a>
<div class='stack-trace' id='stack-trace1728465884'><pre>java.lang.ArrayIndexOutOfBoundsException: Index 3 out of bounds for length 3
	at com.juaracoding.telemarketing.step_definitions.Hooks.setUp(Hooks.java:33)
</pre></div></td>
<td>0</td>
<td>com.juaracoding.telemarketing.step_definitions.TestRunner@384ad17b</td></tr>
</table><p>
<table width='100%' border='1' class='invocation-passed'>
<tr><td colspan='4' align='center'><b>PASSED TESTS</b></td></tr>
<tr><td><b>Test method</b></td>
<td width="30%"><b>Exception</b></td>
<td width="10%"><b>Time (seconds)</b></td>
<td><b>Instance</b></td>
</tr>
<tr>
<td title='com.juaracoding.telemarketing.step_definitions.TestRunner.runScenario()'><b>runScenario</b><br>Test class: com.juaracoding.telemarketing.step_definitions.TestRunner<br>Test method: Runs Cucumber Scenarios<br>Parameters: "Input invalid login", "Login Developer"</td>
<td></td>
<td>13</td>
<td>com.juaracoding.telemarketing.step_definitions.TestRunner@384ad17b</td></tr>
</table><p>
</body>
</html>