<?xml version="1.0" encoding="UTF-8"?>
<!-- Generated by org.testng.reporters.JUnitXMLReporter -->
<testsuite ignored="0" hostname="DESKTOP-UDJP242" failures="14" tests="22" name="Default test" time="74.495" errors="0" timestamp="2022-09-16T16:44:19 WIB">
  <testcase classname="io.cucumber.testng.AbstractTestNGCucumberTests" name="runScenario" time="17.845"/>
  <testcase classname="io.cucumber.testng.AbstractTestNGCucumberTests" name="runScenario" time="1.279"/>
  <testcase classname="io.cucumber.testng.AbstractTestNGCucumberTests" name="runScenario" time="4.849"/>
  <testcase classname="io.cucumber.testng.AbstractTestNGCucumberTests" name="runScenario" time="1.845"/>
  <testcase classname="io.cucumber.testng.AbstractTestNGCucumberTests" name="runScenario" time="6.89"/>
  <testcase classname="io.cucumber.testng.AbstractTestNGCucumberTests" name="runScenario" time="4.048"/>
  <testcase classname="io.cucumber.testng.AbstractTestNGCucumberTests" name="runScenario" time="5.584"/>
  <testcase classname="io.cucumber.testng.AbstractTestNGCucumberTests" name="runScenario" time="25.029"/>
  <testcase classname="io.cucumber.testng.AbstractTestNGCucumberTests" name="runScenario" time="0.186">
    <failure type="java.lang.ArrayIndexOutOfBoundsException" message="Index 8 out of bounds for length 8">
      <![CDATA[java.lang.ArrayIndexOutOfBoundsException: Index 8 out of bounds for length 8
at com.juaracoding.telemarketing.step_definitions.Hooks.setUp(Hooks.java:33)
]]>
    </failure>
  </testcase> <!-- runScenario -->
  <testcase classname="io.cucumber.testng.AbstractTestNGCucumberTests" name="runScenario" time="0.206">
    <failure type="java.lang.ArrayIndexOutOfBoundsException" message="Index 8 out of bounds for length 8">
      <![CDATA[java.lang.ArrayIndexOutOfBoundsException: Index 8 out of bounds for length 8
at com.juaracoding.telemarketing.step_definitions.Hooks.setUp(Hooks.java:33)
]]>
    </failure>
  </testcase> <!-- runScenario -->
  <testcase classname="io.cucumber.testng.AbstractTestNGCucumberTests" name="runScenario" time="0.247">
    <failure type="java.lang.ArrayIndexOutOfBoundsException" message="Index 8 out of bounds for length 8">
      <![CDATA[java.lang.ArrayIndexOutOfBoundsException: Index 8 out of bounds for length 8
at com.juaracoding.telemarketing.step_definitions.Hooks.setUp(Hooks.java:33)
]]>
    </failure>
  </testcase> <!-- runScenario -->
  <testcase classname="io.cucumber.testng.AbstractTestNGCucumberTests" name="runScenario" time="0.117">
    <failure type="java.lang.ArrayIndexOutOfBoundsException" message="Index 8 out of bounds for length 8">
      <![CDATA[java.lang.ArrayIndexOutOfBoundsException: Index 8 out of bounds for length 8
at com.juaracoding.telemarketing.step_definitions.Hooks.setUp(Hooks.java:33)
]]>
    </failure>
  </testcase> <!-- runScenario -->
  <testcase classname="io.cucumber.testng.AbstractTestNGCucumberTests" name="runScenario" time="0.272">
    <failure type="java.lang.ArrayIndexOutOfBoundsException" message="Index 8 out of bounds for length 8">
      <![CDATA[java.lang.ArrayIndexOutOfBoundsException: Index 8 out of bounds for length 8
at com.juaracoding.telemarketing.step_definitions.Hooks.setUp(Hooks.java:33)
]]>
    </failure>
  </testcase> <!-- runScenario -->
  <testcase classname="io.cucumber.testng.AbstractTestNGCucumberTests" name="runScenario" time="0.198">
    <failure type="java.lang.ArrayIndexOutOfBoundsException" message="Index 8 out of bounds for length 8">
      <![CDATA[java.lang.ArrayIndexOutOfBoundsException: Index 8 out of bounds for length 8
at com.juaracoding.telemarketing.step_definitions.Hooks.setUp(Hooks.java:33)
]]>
    </failure>
  </testcase> <!-- runScenario -->
  <testcase classname="io.cucumber.testng.AbstractTestNGCucumberTests" name="runScenario" time="0.242">
    <failure type="java.lang.ArrayIndexOutOfBoundsException" message="Index 8 out of bounds for length 8">
      <![CDATA[java.lang.ArrayIndexOutOfBoundsException: Index 8 out of bounds for length 8
at com.juaracoding.telemarketing.step_definitions.Hooks.setUp(Hooks.java:33)
]]>
    </failure>
  </testcase> <!-- runScenario -->
  <testcase classname="io.cucumber.testng.AbstractTestNGCucumberTests" name="runScenario" time="0.457">
    <failure type="java.lang.ArrayIndexOutOfBoundsException" message="Index 8 out of bounds for length 8">
      <![CDATA[java.lang.ArrayIndexOutOfBoundsException: Index 8 out of bounds for length 8
at com.juaracoding.telemarketing.step_definitions.Hooks.setUp(Hooks.java:33)
]]>
    </failure>
  </testcase> <!-- runScenario -->
  <testcase classname="io.cucumber.testng.AbstractTestNGCucumberTests" name="runScenario" time="0.074">
    <failure type="java.lang.ArrayIndexOutOfBoundsException" message="Index 8 out of bounds for length 8">
      <![CDATA[java.lang.ArrayIndexOutOfBoundsException: Index 8 out of bounds for length 8
at com.juaracoding.telemarketing.step_definitions.Hooks.setUp(Hooks.java:33)
]]>
    </failure>
  </testcase> <!-- runScenario -->
  <testcase classname="io.cucumber.testng.AbstractTestNGCucumberTests" name="runScenario" time="0.061">
    <failure type="java.lang.ArrayIndexOutOfBoundsException" message="Index 8 out of bounds for length 8">
      <![CDATA[java.lang.ArrayIndexOutOfBoundsException: Index 8 out of bounds for length 8
at com.juaracoding.telemarketing.step_definitions.Hooks.setUp(Hooks.java:33)
]]>
    </failure>
  </testcase> <!-- runScenario -->
  <testcase classname="io.cucumber.testng.AbstractTestNGCucumberTests" name="runScenario" time="0.087">
    <failure type="java.lang.ArrayIndexOutOfBoundsException" message="Index 8 out of bounds for length 8">
      <![CDATA[java.lang.ArrayIndexOutOfBoundsException: Index 8 out of bounds for length 8
at com.juaracoding.telemarketing.step_definitions.Hooks.setUp(Hooks.java:33)
]]>
    </failure>
  </testcase> <!-- runScenario -->
  <testcase classname="io.cucumber.testng.AbstractTestNGCucumberTests" name="runScenario" time="0.072">
    <failure type="java.lang.ArrayIndexOutOfBoundsException" message="Index 8 out of bounds for length 8">
      <![CDATA[java.lang.ArrayIndexOutOfBoundsException: Index 8 out of bounds for length 8
at com.juaracoding.telemarketing.step_definitions.Hooks.setUp(Hooks.java:33)
]]>
    </failure>
  </testcase> <!-- runScenario -->
  <testcase classname="io.cucumber.testng.AbstractTestNGCucumberTests" name="runScenario" time="0.086">
    <failure type="java.lang.ArrayIndexOutOfBoundsException" message="Index 8 out of bounds for length 8">
      <![CDATA[java.lang.ArrayIndexOutOfBoundsException: Index 8 out of bounds for length 8
at com.juaracoding.telemarketing.step_definitions.Hooks.setUp(Hooks.java:33)
]]>
    </failure>
  </testcase> <!-- runScenario -->
  <testcase classname="io.cucumber.testng.AbstractTestNGCucumberTests" name="runScenario" time="0.067">
    <failure type="java.lang.ArrayIndexOutOfBoundsException" message="Index 8 out of bounds for length 8">
      <![CDATA[java.lang.ArrayIndexOutOfBoundsException: Index 8 out of bounds for length 8
at com.juaracoding.telemarketing.step_definitions.Hooks.setUp(Hooks.java:33)
]]>
    </failure>
  </testcase> <!-- runScenario -->
</testsuite> <!-- Default test -->
