<?xml version="1.0" encoding="UTF-8"?>
<testng-results ignored="0" total="2" passed="2" failed="0" skipped="0">
  <reporter-output>
  </reporter-output>
  <suite started-at="2022-09-16T21:37:16 WIB" name="Default suite" finished-at="2022-09-16T21:37:50 WIB" duration-ms="34699">
    <groups>
      <group name="cucumber">
        <method signature="AbstractTestNGCucumberTests.runScenario(io.cucumber.testng.PickleWrapper,io.cucumber.testng.FeatureWrapper)[pri:0, instance:com.juaracoding.telemarketing.step_definitions.agent.TestRunner@384ad17b]" name="runScenario" class="io.cucumber.testng.AbstractTestNGCucumberTests"/>
      </group> <!-- cucumber -->
    </groups>
    <test started-at="2022-09-16T21:37:16 WIB" name="Default test" finished-at="2022-09-16T21:37:50 WIB" duration-ms="34699">
      <class name="com.juaracoding.telemarketing.step_definitions.agent.TestRunner">
        <test-method is-config="true" signature="setUpClass(org.testng.ITestContext)[pri:0, instance:com.juaracoding.telemarketing.step_definitions.agent.TestRunner@384ad17b]" started-at="2022-09-16T21:37:16 WIB" name="setUpClass" finished-at="2022-09-16T21:37:18 WIB" duration-ms="2080" status="PASS">
          <params>
            <param index="0">
              <value>
                <![CDATA[org.testng.TestRunner@5875de6a]]>
              </value>
            </param>
          </params>
          <reporter-output>
          </reporter-output>
        </test-method> <!-- setUpClass -->
        <test-method signature="runScenario(io.cucumber.testng.PickleWrapper,io.cucumber.testng.FeatureWrapper)[pri:0, instance:com.juaracoding.telemarketing.step_definitions.agent.TestRunner@384ad17b]" started-at="2022-09-16T21:37:18 WIB" name="runScenario" description="Runs Cucumber Scenarios" data-provider="scenarios" finished-at="2022-09-16T21:37:40 WIB" duration-ms="21997" status="PASS">
          <params>
            <param index="0">
              <value>
                <![CDATA["Halaman dashboard telemarketing"]]>
              </value>
            </param>
            <param index="1">
              <value>
                <![CDATA["Task New Agent"]]>
              </value>
            </param>
          </params>
          <reporter-output>
          </reporter-output>
        </test-method> <!-- runScenario -->
        <test-method signature="runScenario(io.cucumber.testng.PickleWrapper,io.cucumber.testng.FeatureWrapper)[pri:0, instance:com.juaracoding.telemarketing.step_definitions.agent.TestRunner@384ad17b]" started-at="2022-09-16T21:37:40 WIB" name="runScenario" description="Runs Cucumber Scenarios" data-provider="scenarios" finished-at="2022-09-16T21:37:47 WIB" duration-ms="6825" status="PASS">
          <params>
            <param index="0">
              <value>
                <![CDATA["Show page"]]>
              </value>
            </param>
            <param index="1">
              <value>
                <![CDATA["Task New Agent"]]>
              </value>
            </param>
          </params>
          <reporter-output>
          </reporter-output>
        </test-method> <!-- runScenario -->
        <test-method is-config="true" signature="tearDownClass()[pri:0, instance:com.juaracoding.telemarketing.step_definitions.agent.TestRunner@384ad17b]" started-at="2022-09-16T21:37:47 WIB" name="tearDownClass" finished-at="2022-09-16T21:37:50 WIB" duration-ms="3680" status="PASS">
          <reporter-output>
          </reporter-output>
        </test-method> <!-- tearDownClass -->
      </class> <!-- com.juaracoding.telemarketing.step_definitions.agent.TestRunner -->
    </test> <!-- Default test -->
  </suite> <!-- Default suite -->
</testng-results>
