<?xml version="1.0" encoding="UTF-8"?>
<testng-results ignored="0" total="2" passed="2" failed="0" skipped="0">
  <reporter-output>
  </reporter-output>
  <suite started-at="2022-09-13T20:39:31 WIB" name="Default suite" finished-at="2022-09-13T20:40:10 WIB" duration-ms="38503">
    <groups>
      <group name="cucumber">
        <method signature="AbstractTestNGCucumberTests.runScenario(io.cucumber.testng.PickleWrapper,io.cucumber.testng.FeatureWrapper)[pri:0, instance:com.juaracoding.telemarketing.step_definitions.TestRunner@384ad17b]" name="runScenario" class="io.cucumber.testng.AbstractTestNGCucumberTests"/>
      </group> <!-- cucumber -->
    </groups>
    <test started-at="2022-09-13T20:39:31 WIB" name="Default test" finished-at="2022-09-13T20:40:10 WIB" duration-ms="38503">
      <class name="com.juaracoding.telemarketing.step_definitions.TestRunner">
        <test-method is-config="true" signature="setUpClass(org.testng.ITestContext)[pri:0, instance:com.juaracoding.telemarketing.step_definitions.TestRunner@384ad17b]" started-at="2022-09-13T20:39:31 WIB" name="setUpClass" finished-at="2022-09-13T20:39:33 WIB" duration-ms="1630" status="PASS">
          <params>
            <param index="0">
              <value>
                <![CDATA[org.testng.TestRunner@4c7e978c]]>
              </value>
            </param>
          </params>
          <reporter-output>
          </reporter-output>
        </test-method> <!-- setUpClass -->
        <test-method signature="runScenario(io.cucumber.testng.PickleWrapper,io.cucumber.testng.FeatureWrapper)[pri:0, instance:com.juaracoding.telemarketing.step_definitions.TestRunner@384ad17b]" started-at="2022-09-13T20:39:33 WIB" name="runScenario" description="Runs Cucumber Scenarios" data-provider="scenarios" finished-at="2022-09-13T20:39:54 WIB" duration-ms="20857" status="PASS">
          <params>
            <param index="0">
              <value>
                <![CDATA["Input invalid login"]]>
              </value>
            </param>
            <param index="1">
              <value>
                <![CDATA["Login Agent"]]>
              </value>
            </param>
          </params>
          <reporter-output>
          </reporter-output>
        </test-method> <!-- runScenario -->
        <test-method signature="runScenario(io.cucumber.testng.PickleWrapper,io.cucumber.testng.FeatureWrapper)[pri:0, instance:com.juaracoding.telemarketing.step_definitions.TestRunner@384ad17b]" started-at="2022-09-13T20:39:54 WIB" name="runScenario" description="Runs Cucumber Scenarios" data-provider="scenarios" finished-at="2022-09-13T20:40:05 WIB" duration-ms="11847" status="PASS">
          <params>
            <param index="0">
              <value>
                <![CDATA["Input valid login"]]>
              </value>
            </param>
            <param index="1">
              <value>
                <![CDATA["Login Agent"]]>
              </value>
            </param>
          </params>
          <reporter-output>
          </reporter-output>
        </test-method> <!-- runScenario -->
        <test-method is-config="true" signature="tearDownClass()[pri:0, instance:com.juaracoding.telemarketing.step_definitions.TestRunner@384ad17b]" started-at="2022-09-13T20:40:05 WIB" name="tearDownClass" finished-at="2022-09-13T20:40:10 WIB" duration-ms="4051" status="PASS">
          <reporter-output>
          </reporter-output>
        </test-method> <!-- tearDownClass -->
      </class> <!-- com.juaracoding.telemarketing.step_definitions.TestRunner -->
    </test> <!-- Default test -->
  </suite> <!-- Default suite -->
</testng-results>
