<?xml version="1.0" encoding="UTF-8"?>
<testng-results ignored="0" total="22" passed="8" failed="14" skipped="0">
  <reporter-output>
  </reporter-output>
  <suite started-at="2022-09-16T16:43:05 WIB" name="Default suite" finished-at="2022-09-16T16:44:19 WIB" duration-ms="74495">
    <groups>
      <group name="cucumber">
        <method signature="AbstractTestNGCucumberTests.runScenario(io.cucumber.testng.PickleWrapper,io.cucumber.testng.FeatureWrapper)[pri:0, instance:com.juaracoding.telemarketing.step_definitions.TestRunner@384ad17b]" name="runScenario" class="io.cucumber.testng.AbstractTestNGCucumberTests"/>
      </group> <!-- cucumber -->
    </groups>
    <test started-at="2022-09-16T16:43:05 WIB" name="Default test" finished-at="2022-09-16T16:44:19 WIB" duration-ms="74495">
      <class name="com.juaracoding.telemarketing.step_definitions.TestRunner">
        <test-method is-config="true" signature="setUpClass(org.testng.ITestContext)[pri:0, instance:com.juaracoding.telemarketing.step_definitions.TestRunner@384ad17b]" started-at="2022-09-16T16:43:05 WIB" name="setUpClass" finished-at="2022-09-16T16:43:07 WIB" duration-ms="1701" status="PASS">
          <params>
            <param index="0">
              <value>
                <![CDATA[org.testng.TestRunner@72b6832e]]>
              </value>
            </param>
          </params>
          <reporter-output>
          </reporter-output>
        </test-method> <!-- setUpClass -->
        <test-method signature="runScenario(io.cucumber.testng.PickleWrapper,io.cucumber.testng.FeatureWrapper)[pri:0, instance:com.juaracoding.telemarketing.step_definitions.TestRunner@384ad17b]" started-at="2022-09-16T16:43:07 WIB" name="runScenario" description="Runs Cucumber Scenarios" data-provider="scenarios" finished-at="2022-09-16T16:43:24 WIB" duration-ms="17845" status="PASS">
          <params>
            <param index="0">
              <value>
                <![CDATA["Halaman dashboard telemarketing"]]>
              </value>
            </param>
            <param index="1">
              <value>
                <![CDATA["Task New Agent"]]>
              </value>
            </param>
          </params>
          <reporter-output>
          </reporter-output>
        </test-method> <!-- runScenario -->
        <test-method signature="runScenario(io.cucumber.testng.PickleWrapper,io.cucumber.testng.FeatureWrapper)[pri:0, instance:com.juaracoding.telemarketing.step_definitions.TestRunner@384ad17b]" started-at="2022-09-16T16:43:24 WIB" name="runScenario" description="Runs Cucumber Scenarios" data-provider="scenarios" finished-at="2022-09-16T16:43:26 WIB" duration-ms="1279" status="PASS">
          <params>
            <param index="0">
              <value>
                <![CDATA["Input field search"]]>
              </value>
            </param>
            <param index="1">
              <value>
                <![CDATA["Task New Agent"]]>
              </value>
            </param>
          </params>
          <reporter-output>
          </reporter-output>
        </test-method> <!-- runScenario -->
        <test-method signature="runScenario(io.cucumber.testng.PickleWrapper,io.cucumber.testng.FeatureWrapper)[pri:0, instance:com.juaracoding.telemarketing.step_definitions.TestRunner@384ad17b]" started-at="2022-09-16T16:43:26 WIB" name="runScenario" description="Runs Cucumber Scenarios" data-provider="scenarios" finished-at="2022-09-16T16:43:31 WIB" duration-ms="4849" status="PASS">
          <params>
            <param index="0">
              <value>
                <![CDATA["Click search"]]>
              </value>
            </param>
            <param index="1">
              <value>
                <![CDATA["Task New Agent"]]>
              </value>
            </param>
          </params>
          <reporter-output>
          </reporter-output>
        </test-method> <!-- runScenario -->
        <test-method signature="runScenario(io.cucumber.testng.PickleWrapper,io.cucumber.testng.FeatureWrapper)[pri:0, instance:com.juaracoding.telemarketing.step_definitions.TestRunner@384ad17b]" started-at="2022-09-16T16:43:31 WIB" name="runScenario" description="Runs Cucumber Scenarios" data-provider="scenarios" finished-at="2022-09-16T16:43:32 WIB" duration-ms="1845" status="PASS">
          <params>
            <param index="0">
              <value>
                <![CDATA["Click activity"]]>
              </value>
            </param>
            <param index="1">
              <value>
                <![CDATA["Task New Agent"]]>
              </value>
            </param>
          </params>
          <reporter-output>
          </reporter-output>
        </test-method> <!-- runScenario -->
        <test-method signature="runScenario(io.cucumber.testng.PickleWrapper,io.cucumber.testng.FeatureWrapper)[pri:0, instance:com.juaracoding.telemarketing.step_definitions.TestRunner@384ad17b]" started-at="2022-09-16T16:43:32 WIB" name="runScenario" description="Runs Cucumber Scenarios" data-provider="scenarios" finished-at="2022-09-16T16:43:39 WIB" duration-ms="6890" status="PASS">
          <params>
            <param index="0">
              <value>
                <![CDATA["Input field request phone"]]>
              </value>
            </param>
            <param index="1">
              <value>
                <![CDATA["Task New Agent"]]>
              </value>
            </param>
          </params>
          <reporter-output>
          </reporter-output>
        </test-method> <!-- runScenario -->
        <test-method signature="runScenario(io.cucumber.testng.PickleWrapper,io.cucumber.testng.FeatureWrapper)[pri:0, instance:com.juaracoding.telemarketing.step_definitions.TestRunner@384ad17b]" started-at="2022-09-16T16:43:39 WIB" name="runScenario" description="Runs Cucumber Scenarios" data-provider="scenarios" finished-at="2022-09-16T16:43:43 WIB" duration-ms="4048" status="PASS">
          <params>
            <param index="0">
              <value>
                <![CDATA["Input field wa"]]>
              </value>
            </param>
            <param index="1">
              <value>
                <![CDATA["Task New Agent"]]>
              </value>
            </param>
          </params>
          <reporter-output>
          </reporter-output>
        </test-method> <!-- runScenario -->
        <test-method signature="runScenario(io.cucumber.testng.PickleWrapper,io.cucumber.testng.FeatureWrapper)[pri:0, instance:com.juaracoding.telemarketing.step_definitions.TestRunner@384ad17b]" started-at="2022-09-16T16:43:43 WIB" name="runScenario" description="Runs Cucumber Scenarios" data-provider="scenarios" finished-at="2022-09-16T16:43:49 WIB" duration-ms="5584" status="PASS">
          <params>
            <param index="0">
              <value>
                <![CDATA["Input field wa invalid (number phone wa input by alphabet)"]]>
              </value>
            </param>
            <param index="1">
              <value>
                <![CDATA["Task New Agent"]]>
              </value>
            </param>
          </params>
          <reporter-output>
          </reporter-output>
        </test-method> <!-- runScenario -->
        <test-method signature="runScenario(io.cucumber.testng.PickleWrapper,io.cucumber.testng.FeatureWrapper)[pri:0, instance:com.juaracoding.telemarketing.step_definitions.TestRunner@384ad17b]" started-at="2022-09-16T16:43:49 WIB" name="runScenario" description="Runs Cucumber Scenarios" data-provider="scenarios" finished-at="2022-09-16T16:44:14 WIB" duration-ms="25029" status="PASS">
          <params>
            <param index="0">
              <value>
                <![CDATA["Input status acitivity invalid"]]>
              </value>
            </param>
            <param index="1">
              <value>
                <![CDATA["Task New Agent"]]>
              </value>
            </param>
          </params>
          <reporter-output>
          </reporter-output>
        </test-method> <!-- runScenario -->
        <test-method signature="runScenario(io.cucumber.testng.PickleWrapper,io.cucumber.testng.FeatureWrapper)[pri:0, instance:com.juaracoding.telemarketing.step_definitions.TestRunner@384ad17b]" started-at="2022-09-16T16:44:14 WIB" name="runScenario" description="Runs Cucumber Scenarios" data-provider="scenarios" finished-at="2022-09-16T16:44:14 WIB" duration-ms="186" status="FAIL">
          <params>
            <param index="0">
              <value>
                <![CDATA["Dropdown Tersambung, Diangkat, Setuju"]]>
              </value>
            </param>
            <param index="1">
              <value>
                <![CDATA["Task New Agent"]]>
              </value>
            </param>
          </params>
          <exception class="java.lang.ArrayIndexOutOfBoundsException">
            <message>
              <![CDATA[Index 8 out of bounds for length 8]]>
            </message>
            <full-stacktrace>
              <![CDATA[java.lang.ArrayIndexOutOfBoundsException: Index 8 out of bounds for length 8
at com.juaracoding.telemarketing.step_definitions.Hooks.setUp(Hooks.java:33)
]]>
            </full-stacktrace>
          </exception> <!-- java.lang.ArrayIndexOutOfBoundsException -->
          <reporter-output>
          </reporter-output>
        </test-method> <!-- runScenario -->
        <test-method signature="runScenario(io.cucumber.testng.PickleWrapper,io.cucumber.testng.FeatureWrapper)[pri:0, instance:com.juaracoding.telemarketing.step_definitions.TestRunner@384ad17b]" started-at="2022-09-16T16:44:14 WIB" name="runScenario" description="Runs Cucumber Scenarios" data-provider="scenarios" finished-at="2022-09-16T16:44:14 WIB" duration-ms="206" status="FAIL">
          <params>
            <param index="0">
              <value>
                <![CDATA["Dropdown Tersambung, Diangkat, Follow Up"]]>
              </value>
            </param>
            <param index="1">
              <value>
                <![CDATA["Task New Agent"]]>
              </value>
            </param>
          </params>
          <exception class="java.lang.ArrayIndexOutOfBoundsException">
            <message>
              <![CDATA[Index 8 out of bounds for length 8]]>
            </message>
            <full-stacktrace>
              <![CDATA[java.lang.ArrayIndexOutOfBoundsException: Index 8 out of bounds for length 8
at com.juaracoding.telemarketing.step_definitions.Hooks.setUp(Hooks.java:33)
]]>
            </full-stacktrace>
          </exception> <!-- java.lang.ArrayIndexOutOfBoundsException -->
          <reporter-output>
          </reporter-output>
        </test-method> <!-- runScenario -->
        <test-method signature="runScenario(io.cucumber.testng.PickleWrapper,io.cucumber.testng.FeatureWrapper)[pri:0, instance:com.juaracoding.telemarketing.step_definitions.TestRunner@384ad17b]" started-at="2022-09-16T16:44:14 WIB" name="runScenario" description="Runs Cucumber Scenarios" data-provider="scenarios" finished-at="2022-09-16T16:44:15 WIB" duration-ms="247" status="FAIL">
          <params>
            <param index="0">
              <value>
                <![CDATA["Dropdown Tersambung, Diangkat, Tolak"]]>
              </value>
            </param>
            <param index="1">
              <value>
                <![CDATA["Task New Agent"]]>
              </value>
            </param>
          </params>
          <exception class="java.lang.ArrayIndexOutOfBoundsException">
            <message>
              <![CDATA[Index 8 out of bounds for length 8]]>
            </message>
            <full-stacktrace>
              <![CDATA[java.lang.ArrayIndexOutOfBoundsException: Index 8 out of bounds for length 8
at com.juaracoding.telemarketing.step_definitions.Hooks.setUp(Hooks.java:33)
]]>
            </full-stacktrace>
          </exception> <!-- java.lang.ArrayIndexOutOfBoundsException -->
          <reporter-output>
          </reporter-output>
        </test-method> <!-- runScenario -->
        <test-method signature="runScenario(io.cucumber.testng.PickleWrapper,io.cucumber.testng.FeatureWrapper)[pri:0, instance:com.juaracoding.telemarketing.step_definitions.TestRunner@384ad17b]" started-at="2022-09-16T16:44:15 WIB" name="runScenario" description="Runs Cucumber Scenarios" data-provider="scenarios" finished-at="2022-09-16T16:44:15 WIB" duration-ms="117" status="FAIL">
          <params>
            <param index="0">
              <value>
                <![CDATA["Dropdown Tersambung, Diangkat, Berhasil"]]>
              </value>
            </param>
            <param index="1">
              <value>
                <![CDATA["Task New Agent"]]>
              </value>
            </param>
          </params>
          <exception class="java.lang.ArrayIndexOutOfBoundsException">
            <message>
              <![CDATA[Index 8 out of bounds for length 8]]>
            </message>
            <full-stacktrace>
              <![CDATA[java.lang.ArrayIndexOutOfBoundsException: Index 8 out of bounds for length 8
at com.juaracoding.telemarketing.step_definitions.Hooks.setUp(Hooks.java:33)
]]>
            </full-stacktrace>
          </exception> <!-- java.lang.ArrayIndexOutOfBoundsException -->
          <reporter-output>
          </reporter-output>
        </test-method> <!-- runScenario -->
        <test-method signature="runScenario(io.cucumber.testng.PickleWrapper,io.cucumber.testng.FeatureWrapper)[pri:0, instance:com.juaracoding.telemarketing.step_definitions.TestRunner@384ad17b]" started-at="2022-09-16T16:44:15 WIB" name="runScenario" description="Runs Cucumber Scenarios" data-provider="scenarios" finished-at="2022-09-16T16:44:15 WIB" duration-ms="272" status="FAIL">
          <params>
            <param index="0">
              <value>
                <![CDATA["Dropdown Tersambung, Diangkat, Tidak Berhasil"]]>
              </value>
            </param>
            <param index="1">
              <value>
                <![CDATA["Task New Agent"]]>
              </value>
            </param>
          </params>
          <exception class="java.lang.ArrayIndexOutOfBoundsException">
            <message>
              <![CDATA[Index 8 out of bounds for length 8]]>
            </message>
            <full-stacktrace>
              <![CDATA[java.lang.ArrayIndexOutOfBoundsException: Index 8 out of bounds for length 8
at com.juaracoding.telemarketing.step_definitions.Hooks.setUp(Hooks.java:33)
]]>
            </full-stacktrace>
          </exception> <!-- java.lang.ArrayIndexOutOfBoundsException -->
          <reporter-output>
          </reporter-output>
        </test-method> <!-- runScenario -->
        <test-method signature="runScenario(io.cucumber.testng.PickleWrapper,io.cucumber.testng.FeatureWrapper)[pri:0, instance:com.juaracoding.telemarketing.step_definitions.TestRunner@384ad17b]" started-at="2022-09-16T16:44:15 WIB" name="runScenario" description="Runs Cucumber Scenarios" data-provider="scenarios" finished-at="2022-09-16T16:44:15 WIB" duration-ms="198" status="FAIL">
          <params>
            <param index="0">
              <value>
                <![CDATA["Dropdown Tersambung, Salah Sambung"]]>
              </value>
            </param>
            <param index="1">
              <value>
                <![CDATA["Task New Agent"]]>
              </value>
            </param>
          </params>
          <exception class="java.lang.ArrayIndexOutOfBoundsException">
            <message>
              <![CDATA[Index 8 out of bounds for length 8]]>
            </message>
            <full-stacktrace>
              <![CDATA[java.lang.ArrayIndexOutOfBoundsException: Index 8 out of bounds for length 8
at com.juaracoding.telemarketing.step_definitions.Hooks.setUp(Hooks.java:33)
]]>
            </full-stacktrace>
          </exception> <!-- java.lang.ArrayIndexOutOfBoundsException -->
          <reporter-output>
          </reporter-output>
        </test-method> <!-- runScenario -->
        <test-method signature="runScenario(io.cucumber.testng.PickleWrapper,io.cucumber.testng.FeatureWrapper)[pri:0, instance:com.juaracoding.telemarketing.step_definitions.TestRunner@384ad17b]" started-at="2022-09-16T16:44:15 WIB" name="runScenario" description="Runs Cucumber Scenarios" data-provider="scenarios" finished-at="2022-09-16T16:44:15 WIB" duration-ms="242" status="FAIL">
          <params>
            <param index="0">
              <value>
                <![CDATA["Dropdown Tersambung, Tidak Diangkat"]]>
              </value>
            </param>
            <param index="1">
              <value>
                <![CDATA["Task New Agent"]]>
              </value>
            </param>
          </params>
          <exception class="java.lang.ArrayIndexOutOfBoundsException">
            <message>
              <![CDATA[Index 8 out of bounds for length 8]]>
            </message>
            <full-stacktrace>
              <![CDATA[java.lang.ArrayIndexOutOfBoundsException: Index 8 out of bounds for length 8
at com.juaracoding.telemarketing.step_definitions.Hooks.setUp(Hooks.java:33)
]]>
            </full-stacktrace>
          </exception> <!-- java.lang.ArrayIndexOutOfBoundsException -->
          <reporter-output>
          </reporter-output>
        </test-method> <!-- runScenario -->
        <test-method signature="runScenario(io.cucumber.testng.PickleWrapper,io.cucumber.testng.FeatureWrapper)[pri:0, instance:com.juaracoding.telemarketing.step_definitions.TestRunner@384ad17b]" started-at="2022-09-16T16:44:15 WIB" name="runScenario" description="Runs Cucumber Scenarios" data-provider="scenarios" finished-at="2022-09-16T16:44:16 WIB" duration-ms="457" status="FAIL">
          <params>
            <param index="0">
              <value>
                <![CDATA["Dropdown Tidak Tersambung, Nomer Salah"]]>
              </value>
            </param>
            <param index="1">
              <value>
                <![CDATA["Task New Agent"]]>
              </value>
            </param>
          </params>
          <exception class="java.lang.ArrayIndexOutOfBoundsException">
            <message>
              <![CDATA[Index 8 out of bounds for length 8]]>
            </message>
            <full-stacktrace>
              <![CDATA[java.lang.ArrayIndexOutOfBoundsException: Index 8 out of bounds for length 8
at com.juaracoding.telemarketing.step_definitions.Hooks.setUp(Hooks.java:33)
]]>
            </full-stacktrace>
          </exception> <!-- java.lang.ArrayIndexOutOfBoundsException -->
          <reporter-output>
          </reporter-output>
        </test-method> <!-- runScenario -->
        <test-method signature="runScenario(io.cucumber.testng.PickleWrapper,io.cucumber.testng.FeatureWrapper)[pri:0, instance:com.juaracoding.telemarketing.step_definitions.TestRunner@384ad17b]" started-at="2022-09-16T16:44:16 WIB" name="runScenario" description="Runs Cucumber Scenarios" data-provider="scenarios" finished-at="2022-09-16T16:44:16 WIB" duration-ms="74" status="FAIL">
          <params>
            <param index="0">
              <value>
                <![CDATA["Dropdown Tidak Tersambung, Nomer Salah"]]>
              </value>
            </param>
            <param index="1">
              <value>
                <![CDATA["Task New Agent"]]>
              </value>
            </param>
          </params>
          <exception class="java.lang.ArrayIndexOutOfBoundsException">
            <message>
              <![CDATA[Index 8 out of bounds for length 8]]>
            </message>
            <full-stacktrace>
              <![CDATA[java.lang.ArrayIndexOutOfBoundsException: Index 8 out of bounds for length 8
at com.juaracoding.telemarketing.step_definitions.Hooks.setUp(Hooks.java:33)
]]>
            </full-stacktrace>
          </exception> <!-- java.lang.ArrayIndexOutOfBoundsException -->
          <reporter-output>
          </reporter-output>
        </test-method> <!-- runScenario -->
        <test-method signature="runScenario(io.cucumber.testng.PickleWrapper,io.cucumber.testng.FeatureWrapper)[pri:0, instance:com.juaracoding.telemarketing.step_definitions.TestRunner@384ad17b]" started-at="2022-09-16T16:44:16 WIB" name="runScenario" description="Runs Cucumber Scenarios" data-provider="scenarios" finished-at="2022-09-16T16:44:16 WIB" duration-ms="61" status="FAIL">
          <params>
            <param index="0">
              <value>
                <![CDATA["Dropdown Tidak Tersambung, Mailbox"]]>
              </value>
            </param>
            <param index="1">
              <value>
                <![CDATA["Task New Agent"]]>
              </value>
            </param>
          </params>
          <exception class="java.lang.ArrayIndexOutOfBoundsException">
            <message>
              <![CDATA[Index 8 out of bounds for length 8]]>
            </message>
            <full-stacktrace>
              <![CDATA[java.lang.ArrayIndexOutOfBoundsException: Index 8 out of bounds for length 8
at com.juaracoding.telemarketing.step_definitions.Hooks.setUp(Hooks.java:33)
]]>
            </full-stacktrace>
          </exception> <!-- java.lang.ArrayIndexOutOfBoundsException -->
          <reporter-output>
          </reporter-output>
        </test-method> <!-- runScenario -->
        <test-method signature="runScenario(io.cucumber.testng.PickleWrapper,io.cucumber.testng.FeatureWrapper)[pri:0, instance:com.juaracoding.telemarketing.step_definitions.TestRunner@384ad17b]" started-at="2022-09-16T16:44:16 WIB" name="runScenario" description="Runs Cucumber Scenarios" data-provider="scenarios" finished-at="2022-09-16T16:44:16 WIB" duration-ms="87" status="FAIL">
          <params>
            <param index="0">
              <value>
                <![CDATA["Dropdown Tidak Tersambung, Invalid Number"]]>
              </value>
            </param>
            <param index="1">
              <value>
                <![CDATA["Task New Agent"]]>
              </value>
            </param>
          </params>
          <exception class="java.lang.ArrayIndexOutOfBoundsException">
            <message>
              <![CDATA[Index 8 out of bounds for length 8]]>
            </message>
            <full-stacktrace>
              <![CDATA[java.lang.ArrayIndexOutOfBoundsException: Index 8 out of bounds for length 8
at com.juaracoding.telemarketing.step_definitions.Hooks.setUp(Hooks.java:33)
]]>
            </full-stacktrace>
          </exception> <!-- java.lang.ArrayIndexOutOfBoundsException -->
          <reporter-output>
          </reporter-output>
        </test-method> <!-- runScenario -->
        <test-method signature="runScenario(io.cucumber.testng.PickleWrapper,io.cucumber.testng.FeatureWrapper)[pri:0, instance:com.juaracoding.telemarketing.step_definitions.TestRunner@384ad17b]" started-at="2022-09-16T16:44:16 WIB" name="runScenario" description="Runs Cucumber Scenarios" data-provider="scenarios" finished-at="2022-09-16T16:44:16 WIB" duration-ms="72" status="FAIL">
          <params>
            <param index="0">
              <value>
                <![CDATA["Dropdown Tidak Tersambung, Telepon Not Register"]]>
              </value>
            </param>
            <param index="1">
              <value>
                <![CDATA["Task New Agent"]]>
              </value>
            </param>
          </params>
          <exception class="java.lang.ArrayIndexOutOfBoundsException">
            <message>
              <![CDATA[Index 8 out of bounds for length 8]]>
            </message>
            <full-stacktrace>
              <![CDATA[java.lang.ArrayIndexOutOfBoundsException: Index 8 out of bounds for length 8
at com.juaracoding.telemarketing.step_definitions.Hooks.setUp(Hooks.java:33)
]]>
            </full-stacktrace>
          </exception> <!-- java.lang.ArrayIndexOutOfBoundsException -->
          <reporter-output>
          </reporter-output>
        </test-method> <!-- runScenario -->
        <test-method signature="runScenario(io.cucumber.testng.PickleWrapper,io.cucumber.testng.FeatureWrapper)[pri:0, instance:com.juaracoding.telemarketing.step_definitions.TestRunner@384ad17b]" started-at="2022-09-16T16:44:16 WIB" name="runScenario" description="Runs Cucumber Scenarios" data-provider="scenarios" finished-at="2022-09-16T16:44:16 WIB" duration-ms="86" status="FAIL">
          <params>
            <param index="0">
              <value>
                <![CDATA["Next page"]]>
              </value>
            </param>
            <param index="1">
              <value>
                <![CDATA["Task New Agent"]]>
              </value>
            </param>
          </params>
          <exception class="java.lang.ArrayIndexOutOfBoundsException">
            <message>
              <![CDATA[Index 8 out of bounds for length 8]]>
            </message>
            <full-stacktrace>
              <![CDATA[java.lang.ArrayIndexOutOfBoundsException: Index 8 out of bounds for length 8
at com.juaracoding.telemarketing.step_definitions.Hooks.setUp(Hooks.java:33)
]]>
            </full-stacktrace>
          </exception> <!-- java.lang.ArrayIndexOutOfBoundsException -->
          <reporter-output>
          </reporter-output>
        </test-method> <!-- runScenario -->
        <test-method signature="runScenario(io.cucumber.testng.PickleWrapper,io.cucumber.testng.FeatureWrapper)[pri:0, instance:com.juaracoding.telemarketing.step_definitions.TestRunner@384ad17b]" started-at="2022-09-16T16:44:16 WIB" name="runScenario" description="Runs Cucumber Scenarios" data-provider="scenarios" finished-at="2022-09-16T16:44:16 WIB" duration-ms="67" status="FAIL">
          <params>
            <param index="0">
              <value>
                <![CDATA["Show page"]]>
              </value>
            </param>
            <param index="1">
              <value>
                <![CDATA["Task New Agent"]]>
              </value>
            </param>
          </params>
          <exception class="java.lang.ArrayIndexOutOfBoundsException">
            <message>
              <![CDATA[Index 8 out of bounds for length 8]]>
            </message>
            <full-stacktrace>
              <![CDATA[java.lang.ArrayIndexOutOfBoundsException: Index 8 out of bounds for length 8
at com.juaracoding.telemarketing.step_definitions.Hooks.setUp(Hooks.java:33)
]]>
            </full-stacktrace>
          </exception> <!-- java.lang.ArrayIndexOutOfBoundsException -->
          <reporter-output>
          </reporter-output>
        </test-method> <!-- runScenario -->
        <test-method is-config="true" signature="tearDownClass()[pri:0, instance:com.juaracoding.telemarketing.step_definitions.TestRunner@384ad17b]" started-at="2022-09-16T16:44:16 WIB" name="tearDownClass" finished-at="2022-09-16T16:44:19 WIB" duration-ms="2872" status="PASS">
          <reporter-output>
          </reporter-output>
        </test-method> <!-- tearDownClass -->
      </class> <!-- com.juaracoding.telemarketing.step_definitions.TestRunner -->
    </test> <!-- Default test -->
  </suite> <!-- Default suite -->
</testng-results>
