<?xml version="1.0" encoding="UTF-8"?>
<testng-results ignored="0" total="11" passed="11" failed="0" skipped="0">
  <reporter-output>
  </reporter-output>
  <suite started-at="2022-09-15T17:37:12 WIB" name="Default suite" finished-at="2022-09-15T17:38:23 WIB" duration-ms="71018">
    <groups>
      <group name="cucumber">
        <method signature="AbstractTestNGCucumberTests.runScenario(io.cucumber.testng.PickleWrapper,io.cucumber.testng.FeatureWrapper)[pri:0, instance:com.juaracoding.telemarketing.step_definitions.TestRunner@384ad17b]" name="runScenario" class="io.cucumber.testng.AbstractTestNGCucumberTests"/>
      </group> <!-- cucumber -->
    </groups>
    <test started-at="2022-09-15T17:37:12 WIB" name="Default test" finished-at="2022-09-15T17:38:23 WIB" duration-ms="71018">
      <class name="com.juaracoding.telemarketing.step_definitions.TestRunner">
        <test-method is-config="true" signature="setUpClass(org.testng.ITestContext)[pri:0, instance:com.juaracoding.telemarketing.step_definitions.TestRunner@384ad17b]" started-at="2022-09-15T17:37:12 WIB" name="setUpClass" finished-at="2022-09-15T17:37:13 WIB" duration-ms="395" status="PASS">
          <params>
            <param index="0">
              <value>
                <![CDATA[org.testng.TestRunner@2a50b32d]]>
              </value>
            </param>
          </params>
          <reporter-output>
          </reporter-output>
        </test-method> <!-- setUpClass -->
        <test-method signature="runScenario(io.cucumber.testng.PickleWrapper,io.cucumber.testng.FeatureWrapper)[pri:0, instance:com.juaracoding.telemarketing.step_definitions.TestRunner@384ad17b]" started-at="2022-09-15T17:37:13 WIB" name="runScenario" description="Runs Cucumber Scenarios" data-provider="scenarios" finished-at="2022-09-15T17:37:19 WIB" duration-ms="5775" status="PASS">
          <params>
            <param index="0">
              <value>
                <![CDATA["User valid login"]]>
              </value>
            </param>
            <param index="1">
              <value>
                <![CDATA["User Management"]]>
              </value>
            </param>
          </params>
          <reporter-output>
          </reporter-output>
        </test-method> <!-- runScenario -->
        <test-method signature="runScenario(io.cucumber.testng.PickleWrapper,io.cucumber.testng.FeatureWrapper)[pri:0, instance:com.juaracoding.telemarketing.step_definitions.TestRunner@384ad17b]" started-at="2022-09-15T17:37:19 WIB" name="runScenario" description="Runs Cucumber Scenarios" data-provider="scenarios" finished-at="2022-09-15T17:37:19 WIB" duration-ms="159" status="PASS">
          <params>
            <param index="0">
              <value>
                <![CDATA["Dashboard user management"]]>
              </value>
            </param>
            <param index="1">
              <value>
                <![CDATA["User Management"]]>
              </value>
            </param>
          </params>
          <reporter-output>
          </reporter-output>
        </test-method> <!-- runScenario -->
        <test-method signature="runScenario(io.cucumber.testng.PickleWrapper,io.cucumber.testng.FeatureWrapper)[pri:0, instance:com.juaracoding.telemarketing.step_definitions.TestRunner@384ad17b]" started-at="2022-09-15T17:37:19 WIB" name="runScenario" description="Runs Cucumber Scenarios" data-provider="scenarios" finished-at="2022-09-15T17:37:25 WIB" duration-ms="5915" status="PASS">
          <params>
            <param index="0">
              <value>
                <![CDATA["Add user supervisior"]]>
              </value>
            </param>
            <param index="1">
              <value>
                <![CDATA["User Management"]]>
              </value>
            </param>
          </params>
          <reporter-output>
          </reporter-output>
        </test-method> <!-- runScenario -->
        <test-method signature="runScenario(io.cucumber.testng.PickleWrapper,io.cucumber.testng.FeatureWrapper)[pri:0, instance:com.juaracoding.telemarketing.step_definitions.TestRunner@384ad17b]" started-at="2022-09-15T17:37:25 WIB" name="runScenario" description="Runs Cucumber Scenarios" data-provider="scenarios" finished-at="2022-09-15T17:37:30 WIB" duration-ms="5351" status="PASS">
          <params>
            <param index="0">
              <value>
                <![CDATA["Search user"]]>
              </value>
            </param>
            <param index="1">
              <value>
                <![CDATA["User Management"]]>
              </value>
            </param>
          </params>
          <reporter-output>
          </reporter-output>
        </test-method> <!-- runScenario -->
        <test-method signature="runScenario(io.cucumber.testng.PickleWrapper,io.cucumber.testng.FeatureWrapper)[pri:0, instance:com.juaracoding.telemarketing.step_definitions.TestRunner@384ad17b]" started-at="2022-09-15T17:37:30 WIB" name="runScenario" description="Runs Cucumber Scenarios" data-provider="scenarios" finished-at="2022-09-15T17:37:38 WIB" duration-ms="7966" status="PASS">
          <params>
            <param index="0">
              <value>
                <![CDATA["Add user agent"]]>
              </value>
            </param>
            <param index="1">
              <value>
                <![CDATA["User Management"]]>
              </value>
            </param>
          </params>
          <reporter-output>
          </reporter-output>
        </test-method> <!-- runScenario -->
        <test-method signature="runScenario(io.cucumber.testng.PickleWrapper,io.cucumber.testng.FeatureWrapper)[pri:0, instance:com.juaracoding.telemarketing.step_definitions.TestRunner@384ad17b]" started-at="2022-09-15T17:37:38 WIB" name="runScenario" description="Runs Cucumber Scenarios" data-provider="scenarios" finished-at="2022-09-15T17:37:44 WIB" duration-ms="5931" status="PASS">
          <params>
            <param index="0">
              <value>
                <![CDATA["Add user admin"]]>
              </value>
            </param>
            <param index="1">
              <value>
                <![CDATA["User Management"]]>
              </value>
            </param>
          </params>
          <reporter-output>
          </reporter-output>
        </test-method> <!-- runScenario -->
        <test-method signature="runScenario(io.cucumber.testng.PickleWrapper,io.cucumber.testng.FeatureWrapper)[pri:0, instance:com.juaracoding.telemarketing.step_definitions.TestRunner@384ad17b]" started-at="2022-09-15T17:37:44 WIB" name="runScenario" description="Runs Cucumber Scenarios" data-provider="scenarios" finished-at="2022-09-15T17:37:46 WIB" duration-ms="2190" status="PASS">
          <params>
            <param index="0">
              <value>
                <![CDATA["Remove User"]]>
              </value>
            </param>
            <param index="1">
              <value>
                <![CDATA["User Management"]]>
              </value>
            </param>
          </params>
          <reporter-output>
          </reporter-output>
        </test-method> <!-- runScenario -->
        <test-method signature="runScenario(io.cucumber.testng.PickleWrapper,io.cucumber.testng.FeatureWrapper)[pri:0, instance:com.juaracoding.telemarketing.step_definitions.TestRunner@384ad17b]" started-at="2022-09-15T17:37:46 WIB" name="runScenario" description="Runs Cucumber Scenarios" data-provider="scenarios" finished-at="2022-09-15T17:37:52 WIB" duration-ms="5877" status="PASS">
          <params>
            <param index="0">
              <value>
                <![CDATA["Add user null"]]>
              </value>
            </param>
            <param index="1">
              <value>
                <![CDATA["User Management"]]>
              </value>
            </param>
          </params>
          <reporter-output>
          </reporter-output>
        </test-method> <!-- runScenario -->
        <test-method signature="runScenario(io.cucumber.testng.PickleWrapper,io.cucumber.testng.FeatureWrapper)[pri:0, instance:com.juaracoding.telemarketing.step_definitions.TestRunner@384ad17b]" started-at="2022-09-15T17:37:52 WIB" name="runScenario" description="Runs Cucumber Scenarios" data-provider="scenarios" finished-at="2022-09-15T17:37:56 WIB" duration-ms="4301" status="PASS">
          <params>
            <param index="0">
              <value>
                <![CDATA["Reset Password"]]>
              </value>
            </param>
            <param index="1">
              <value>
                <![CDATA["User Management"]]>
              </value>
            </param>
          </params>
          <reporter-output>
          </reporter-output>
        </test-method> <!-- runScenario -->
        <test-method signature="runScenario(io.cucumber.testng.PickleWrapper,io.cucumber.testng.FeatureWrapper)[pri:0, instance:com.juaracoding.telemarketing.step_definitions.TestRunner@384ad17b]" started-at="2022-09-15T17:37:56 WIB" name="runScenario" description="Runs Cucumber Scenarios" data-provider="scenarios" finished-at="2022-09-15T17:38:03 WIB" duration-ms="6742" status="PASS">
          <params>
            <param index="0">
              <value>
                <![CDATA["Update Password"]]>
              </value>
            </param>
            <param index="1">
              <value>
                <![CDATA["User Management"]]>
              </value>
            </param>
          </params>
          <reporter-output>
          </reporter-output>
        </test-method> <!-- runScenario -->
        <test-method signature="runScenario(io.cucumber.testng.PickleWrapper,io.cucumber.testng.FeatureWrapper)[pri:0, instance:com.juaracoding.telemarketing.step_definitions.TestRunner@384ad17b]" started-at="2022-09-15T17:38:03 WIB" name="runScenario" description="Runs Cucumber Scenarios" data-provider="scenarios" finished-at="2022-09-15T17:38:21 WIB" duration-ms="18058" status="PASS">
          <params>
            <param index="0">
              <value>
                <![CDATA["Update form"]]>
              </value>
            </param>
            <param index="1">
              <value>
                <![CDATA["User Management"]]>
              </value>
            </param>
          </params>
          <reporter-output>
          </reporter-output>
        </test-method> <!-- runScenario -->
        <test-method is-config="true" signature="tearDownClass()[pri:0, instance:com.juaracoding.telemarketing.step_definitions.TestRunner@384ad17b]" started-at="2022-09-15T17:38:21 WIB" name="tearDownClass" finished-at="2022-09-15T17:38:23 WIB" duration-ms="2327" status="PASS">
          <reporter-output>
          </reporter-output>
        </test-method> <!-- tearDownClass -->
      </class> <!-- com.juaracoding.telemarketing.step_definitions.TestRunner -->
    </test> <!-- Default test -->
  </suite> <!-- Default suite -->
</testng-results>
