<?xml version="1.0" encoding="UTF-8"?>
<testng-results ignored="0" total="8" passed="8" failed="0" skipped="0">
  <reporter-output>
  </reporter-output>
  <suite started-at="2022-09-17T13:51:08 WIB" name="Default suite" finished-at="2022-09-17T13:51:39 WIB" duration-ms="30680">
    <groups>
      <group name="cucumber">
        <method signature="AbstractTestNGCucumberTests.runScenario(io.cucumber.testng.PickleWrapper,io.cucumber.testng.FeatureWrapper)[pri:0, instance:com.juaracoding.telemarketing.step_definitions.TestRunner@384ad17b]" name="runScenario" class="io.cucumber.testng.AbstractTestNGCucumberTests"/>
      </group> <!-- cucumber -->
    </groups>
    <test started-at="2022-09-17T13:51:08 WIB" name="Default test" finished-at="2022-09-17T13:51:39 WIB" duration-ms="30680">
      <class name="com.juaracoding.telemarketing.step_definitions.TestRunner">
        <test-method is-config="true" signature="setUpClass(org.testng.ITestContext)[pri:0, instance:com.juaracoding.telemarketing.step_definitions.TestRunner@384ad17b]" started-at="2022-09-17T13:51:08 WIB" name="setUpClass" finished-at="2022-09-17T13:51:09 WIB" duration-ms="409" status="PASS">
          <params>
            <param index="0">
              <value>
                <![CDATA[org.testng.TestRunner@668625f5]]>
              </value>
            </param>
          </params>
          <reporter-output>
          </reporter-output>
        </test-method> <!-- setUpClass -->
        <test-method signature="runScenario(io.cucumber.testng.PickleWrapper,io.cucumber.testng.FeatureWrapper)[pri:0, instance:com.juaracoding.telemarketing.step_definitions.TestRunner@384ad17b]" started-at="2022-09-17T13:51:09 WIB" name="runScenario" description="Runs Cucumber Scenarios" data-provider="scenarios" finished-at="2022-09-17T13:51:15 WIB" duration-ms="5888" status="PASS">
          <params>
            <param index="0">
              <value>
                <![CDATA["User valid login"]]>
              </value>
            </param>
            <param index="1">
              <value>
                <![CDATA["Edit Data"]]>
              </value>
            </param>
          </params>
          <reporter-output>
          </reporter-output>
        </test-method> <!-- runScenario -->
        <test-method signature="runScenario(io.cucumber.testng.PickleWrapper,io.cucumber.testng.FeatureWrapper)[pri:0, instance:com.juaracoding.telemarketing.step_definitions.TestRunner@384ad17b]" started-at="2022-09-17T13:51:15 WIB" name="runScenario" description="Runs Cucumber Scenarios" data-provider="scenarios" finished-at="2022-09-17T13:51:15 WIB" duration-ms="421" status="PASS">
          <params>
            <param index="0">
              <value>
                <![CDATA["Dashboard Data"]]>
              </value>
            </param>
            <param index="1">
              <value>
                <![CDATA["Edit Data"]]>
              </value>
            </param>
          </params>
          <reporter-output>
          </reporter-output>
        </test-method> <!-- runScenario -->
        <test-method signature="runScenario(io.cucumber.testng.PickleWrapper,io.cucumber.testng.FeatureWrapper)[pri:0, instance:com.juaracoding.telemarketing.step_definitions.TestRunner@384ad17b]" started-at="2022-09-17T13:51:15 WIB" name="runScenario" description="Runs Cucumber Scenarios" data-provider="scenarios" finished-at="2022-09-17T13:51:18 WIB" duration-ms="3299" status="PASS">
          <params>
            <param index="0">
              <value>
                <![CDATA["Search user"]]>
              </value>
            </param>
            <param index="1">
              <value>
                <![CDATA["Edit Data"]]>
              </value>
            </param>
          </params>
          <reporter-output>
          </reporter-output>
        </test-method> <!-- runScenario -->
        <test-method signature="runScenario(io.cucumber.testng.PickleWrapper,io.cucumber.testng.FeatureWrapper)[pri:0, instance:com.juaracoding.telemarketing.step_definitions.TestRunner@384ad17b]" started-at="2022-09-17T13:51:18 WIB" name="runScenario" description="Runs Cucumber Scenarios" data-provider="scenarios" finished-at="2022-09-17T13:51:21 WIB" duration-ms="2193" status="PASS">
          <params>
            <param index="0">
              <value>
                <![CDATA["table click"]]>
              </value>
            </param>
            <param index="1">
              <value>
                <![CDATA["Edit Data"]]>
              </value>
            </param>
          </params>
          <reporter-output>
          </reporter-output>
        </test-method> <!-- runScenario -->
        <test-method signature="runScenario(io.cucumber.testng.PickleWrapper,io.cucumber.testng.FeatureWrapper)[pri:0, instance:com.juaracoding.telemarketing.step_definitions.TestRunner@384ad17b]" started-at="2022-09-17T13:51:21 WIB" name="runScenario" description="Runs Cucumber Scenarios" data-provider="scenarios" finished-at="2022-09-17T13:51:22 WIB" duration-ms="1232" status="PASS">
          <params>
            <param index="0">
              <value>
                <![CDATA["Update data detail"]]>
              </value>
            </param>
            <param index="1">
              <value>
                <![CDATA["Edit Data"]]>
              </value>
            </param>
          </params>
          <reporter-output>
          </reporter-output>
        </test-method> <!-- runScenario -->
        <test-method signature="runScenario(io.cucumber.testng.PickleWrapper,io.cucumber.testng.FeatureWrapper)[pri:0, instance:com.juaracoding.telemarketing.step_definitions.TestRunner@384ad17b]" started-at="2022-09-17T13:51:22 WIB" name="runScenario" description="Runs Cucumber Scenarios" data-provider="scenarios" finished-at="2022-09-17T13:51:23 WIB" duration-ms="1330" status="PASS">
          <params>
            <param index="0">
              <value>
                <![CDATA["Update status activity"]]>
              </value>
            </param>
            <param index="1">
              <value>
                <![CDATA["Edit Data"]]>
              </value>
            </param>
          </params>
          <reporter-output>
          </reporter-output>
        </test-method> <!-- runScenario -->
        <test-method signature="runScenario(io.cucumber.testng.PickleWrapper,io.cucumber.testng.FeatureWrapper)[pri:0, instance:com.juaracoding.telemarketing.step_definitions.TestRunner@384ad17b]" started-at="2022-09-17T13:51:23 WIB" name="runScenario" description="Runs Cucumber Scenarios" data-provider="scenarios" finished-at="2022-09-17T13:51:30 WIB" duration-ms="6730" status="PASS">
          <params>
            <param index="0">
              <value>
                <![CDATA["Update data"]]>
              </value>
            </param>
            <param index="1">
              <value>
                <![CDATA["Edit Data"]]>
              </value>
            </param>
          </params>
          <reporter-output>
          </reporter-output>
        </test-method> <!-- runScenario -->
        <test-method signature="runScenario(io.cucumber.testng.PickleWrapper,io.cucumber.testng.FeatureWrapper)[pri:0, instance:com.juaracoding.telemarketing.step_definitions.TestRunner@384ad17b]" started-at="2022-09-17T13:51:30 WIB" name="runScenario" description="Runs Cucumber Scenarios" data-provider="scenarios" finished-at="2022-09-17T13:51:37 WIB" duration-ms="6809" status="PASS">
          <params>
            <param index="0">
              <value>
                <![CDATA["Show page data"]]>
              </value>
            </param>
            <param index="1">
              <value>
                <![CDATA["Edit Data"]]>
              </value>
            </param>
          </params>
          <reporter-output>
          </reporter-output>
        </test-method> <!-- runScenario -->
        <test-method is-config="true" signature="tearDownClass()[pri:0, instance:com.juaracoding.telemarketing.step_definitions.TestRunner@384ad17b]" started-at="2022-09-17T13:51:37 WIB" name="tearDownClass" finished-at="2022-09-17T13:51:39 WIB" duration-ms="2323" status="PASS">
          <reporter-output>
          </reporter-output>
        </test-method> <!-- tearDownClass -->
      </class> <!-- com.juaracoding.telemarketing.step_definitions.TestRunner -->
    </test> <!-- Default test -->
  </suite> <!-- Default suite -->
</testng-results>
