<?xml version="1.0" encoding="UTF-8"?>
<!-- Generated by org.testng.reporters.JUnitReportReporter -->
<testsuite hostname="DESKTOP-IER1J9F" failures="1" tests="42" name="com.juaracoding.telemarketing.step_definitions.TestRunner" time="151.372" errors="0" timestamp="2022-09-18T01:31:58 WIB" skipped="0">
  <testcase classname="com.juaracoding.telemarketing.step_definitions.TestRunner" name="runScenario" time="3.650"/>
  <system-out/>
  <testcase classname="com.juaracoding.telemarketing.step_definitions.TestRunner" name="runScenario" time="2.281"/>
  <system-out/>
  <testcase classname="com.juaracoding.telemarketing.step_definitions.TestRunner" name="runScenario" time="5.239"/>
  <system-out/>
  <testcase classname="com.juaracoding.telemarketing.step_definitions.TestRunner" name="runScenario" time="5.495"/>
  <system-out/>
  <testcase classname="com.juaracoding.telemarketing.step_definitions.TestRunner" name="runScenario" time="6.516"/>
  <system-out/>
  <testcase classname="com.juaracoding.telemarketing.step_definitions.TestRunner" name="runScenario" time="1.115"/>
  <system-out/>
  <testcase classname="com.juaracoding.telemarketing.step_definitions.TestRunner" name="runScenario" time="2.283"/>
  <system-out/>
  <testcase classname="com.juaracoding.telemarketing.step_definitions.TestRunner" name="runScenario" time="4.652"/>
  <system-out/>
  <testcase classname="com.juaracoding.telemarketing.step_definitions.TestRunner" name="runScenario" time="2.283"/>
  <system-out/>
  <testcase classname="com.juaracoding.telemarketing.step_definitions.TestRunner" name="runScenario" time="1.230"/>
  <system-out/>
  <testcase classname="com.juaracoding.telemarketing.step_definitions.TestRunner" name="runScenario" time="3.167"/>
  <system-out/>
  <testcase classname="com.juaracoding.telemarketing.step_definitions.TestRunner" name="runScenario" time="0.000"/>
  <system-out/>
  <testcase classname="com.juaracoding.telemarketing.step_definitions.TestRunner" name="runScenario" time="5.771"/>
  <system-out/>
  <testcase classname="com.juaracoding.telemarketing.step_definitions.TestRunner" name="runScenario" time="6.711"/>
  <system-out/>
  <testcase classname="com.juaracoding.telemarketing.step_definitions.TestRunner" name="runScenario" time="0.136"/>
  <system-out/>
  <testcase classname="com.juaracoding.telemarketing.step_definitions.TestRunner" name="runScenario" time="2.572">
    <failure message="expected [https://sqa.peluangkerjaku.com/tele/] but found [https://google.com/]" type="java.lang.AssertionError">
      <![CDATA[java.lang.AssertionError: expected [https://sqa.peluangkerjaku.com/tele/] but found [https://google.com/]
at org.testng.Assert.fail(Assert.java:99)
at org.testng.Assert.failNotEquals(Assert.java:1037)
at org.testng.Assert.assertEqualsImpl(Assert.java:140)
at org.testng.Assert.assertEquals(Assert.java:122)
at org.testng.Assert.assertEquals(Assert.java:629)
at org.testng.Assert.assertEquals(Assert.java:639)
at com.juaracoding.telemarketing.step_definitions.TestLogin.user_go_to_invalid_web_telemarketing(TestLogin.java:34)
at ✽.User go to invalid Web Telemarketing(file:///C:/Users/HP.DESKTOP-IER1J9F/eclipse-workspace/git-telemarketing/src/test/resources/features/1.LoginDev.feature:4)
]]>
    </failure>
  </testcase> <!-- runScenario -->
  <system-out/>
  <testcase classname="com.juaracoding.telemarketing.step_definitions.TestRunner" name="runScenario" time="2.133"/>
  <system-out/>
  <testcase classname="com.juaracoding.telemarketing.step_definitions.TestRunner" name="runScenario" time="4.366"/>
  <system-out/>
  <testcase classname="com.juaracoding.telemarketing.step_definitions.TestRunner" name="runScenario" time="0.284"/>
  <system-out/>
  <testcase classname="com.juaracoding.telemarketing.step_definitions.TestRunner" name="runScenario" time="5.295"/>
  <system-out/>
  <testcase classname="com.juaracoding.telemarketing.step_definitions.TestRunner" name="runScenario" time="2.296"/>
  <system-out/>
  <testcase classname="com.juaracoding.telemarketing.step_definitions.TestRunner" name="runScenario" time="3.975"/>
  <system-out/>
  <testcase classname="com.juaracoding.telemarketing.step_definitions.TestRunner" name="runScenario" time="2.341"/>
  <system-out/>
  <testcase classname="com.juaracoding.telemarketing.step_definitions.TestRunner" name="runScenario" time="7.793"/>
  <system-out/>
  <testcase classname="com.juaracoding.telemarketing.step_definitions.TestRunner" name="runScenario" time="0.886"/>
  <system-out/>
  <testcase classname="com.juaracoding.telemarketing.step_definitions.TestRunner" name="runScenario" time="17.641"/>
  <system-out/>
  <testcase classname="com.juaracoding.telemarketing.step_definitions.TestRunner" name="runScenario" time="2.271"/>
  <system-out/>
  <testcase classname="com.juaracoding.telemarketing.step_definitions.TestRunner" name="runScenario" time="2.436"/>
  <system-out/>
  <testcase classname="com.juaracoding.telemarketing.step_definitions.TestRunner" name="runScenario" time="2.358"/>
  <system-out/>
  <testcase classname="com.juaracoding.telemarketing.step_definitions.TestRunner" name="runScenario" time="3.212"/>
  <system-out/>
  <testcase classname="com.juaracoding.telemarketing.step_definitions.TestRunner" name="runScenario" time="3.348"/>
  <system-out/>
  <testcase classname="com.juaracoding.telemarketing.step_definitions.TestRunner" name="runScenario" time="5.235"/>
  <system-out/>
  <testcase classname="com.juaracoding.telemarketing.step_definitions.TestRunner" name="runScenario" time="5.784"/>
  <system-out/>
  <testcase classname="com.juaracoding.telemarketing.step_definitions.TestRunner" name="runScenario" time="0.139"/>
  <system-out/>
  <testcase classname="com.juaracoding.telemarketing.step_definitions.TestRunner" name="runScenario" time="6.557"/>
  <system-out/>
  <testcase classname="com.juaracoding.telemarketing.step_definitions.TestRunner" name="runScenario" time="1.195"/>
  <system-out/>
  <testcase classname="com.juaracoding.telemarketing.step_definitions.TestRunner" name="runScenario" time="0.178"/>
  <system-out/>
  <testcase classname="com.juaracoding.telemarketing.step_definitions.TestRunner" name="runScenario" time="4.245"/>
  <system-out/>
  <testcase classname="com.juaracoding.telemarketing.step_definitions.TestRunner" name="runScenario" time="5.668"/>
  <system-out/>
  <testcase classname="com.juaracoding.telemarketing.step_definitions.TestRunner" name="runScenario" time="2.799"/>
  <system-out/>
  <testcase classname="com.juaracoding.telemarketing.step_definitions.TestRunner" name="runScenario" time="2.127"/>
  <system-out/>
  <testcase classname="com.juaracoding.telemarketing.step_definitions.TestRunner" name="runScenario" time="3.709"/>
  <system-out/>
</testsuite> <!-- com.juaracoding.telemarketing.step_definitions.TestRunner -->
